
  .   ____          _            __ _ _
 /\\ / ___'_ __ _ _(_)_ __  __ _ \ \ \ \
( ( )\___ | '_ | '_| | '_ \/ _` | \ \ \ \
 \\/  ___)| |_)| | | | | || (_| |  ) ) ) )
  '  |____| .__|_| |_|_| |_\__, | / / / /
 =========|_|==============|___/=/_/_/_/
 :: Spring Boot ::        (v2.0.3.RELEASE)

2019-10-14 15:56:47.811  INFO 13108 --- [           main] com.example.demo.DemoApplication         : Starting DemoApplication v0.0.1 on TS20190308008 with PID 13108 (D:\MyProject\Demo\GenerateFile.jar started by zhourui in D:\MyProject\Demo)
2019-10-14 15:56:47.814  INFO 13108 --- [           main] com.example.demo.DemoApplication         : No active profile set, falling back to default profiles: default
2019-10-14 15:56:47.879  INFO 13108 --- [           main] ConfigServletWebServerApplicationContext : Refreshing org.springframework.boot.web.servlet.context.AnnotationConfigServletWebServerApplicationContext@3c679bde: startup date [Mon Oct 14 15:56:47 CST 2019]; root of context hierarchy
2019-10-14 15:56:48.788  INFO 13108 --- [           main] o.s.b.f.s.DefaultListableBeanFactory     : Overriding bean definition for bean 'beanNameViewResolver' with a different definition: replacing [Root bean: class [null]; scope=; abstract=false; lazyInit=false; autowireMode=3; dependencyCheck=0; autowireCandidate=true; primary=false; factoryBeanName=org.springframework.boot.autoconfigure.web.servlet.error.ErrorMvcAutoConfiguration$WhitelabelErrorViewConfiguration; factoryMethodName=beanNameViewResolver; initMethodName=null; destroyMethodName=(inferred); defined in class path resource [org/springframework/boot/autoconfigure/web/servlet/error/ErrorMvcAutoConfiguration$WhitelabelErrorViewConfiguration.class]] with [Root bean: class [null]; scope=; abstract=false; lazyInit=false; autowireMode=3; dependencyCheck=0; autowireCandidate=true; primary=false; factoryBeanName=cn.afterturn.easypoi.configuration.EasyPoiAutoConfiguration; factoryMethodName=beanNameViewResolver; initMethodName=null; destroyMethodName=(inferred); defined in class path resource [cn/afterturn/easypoi/configuration/EasyPoiAutoConfiguration.class]]
2019-10-14 15:56:49.810  INFO 13108 --- [           main] o.s.b.w.embedded.tomcat.TomcatWebServer  : Tomcat initialized with port(s): 8090 (http)
2019-10-14 15:56:49.841  INFO 13108 --- [           main] o.apache.catalina.core.StandardService   : Starting service [Tomcat]
2019-10-14 15:56:49.842  INFO 13108 --- [           main] org.apache.catalina.core.StandardEngine  : Starting Servlet Engine: Apache Tomcat/8.5.31
2019-10-14 15:56:49.855  INFO 13108 --- [ost-startStop-1] o.a.catalina.core.AprLifecycleListener   : The APR based Apache Tomcat Native library which allows optimal performance in production environments was not found on the java.library.path: [C:\Program Files (x86)\Common Files\Oracle\Java\javapath;C:\Windows\Sun\Java\bin;C:\Windows\system32;C:\Windows;C:\Program Files (x86)\Common Files\Oracle\Java\javapath;C:\Windows\system32;C:\Windows;C:\Windows\System32\Wbem;C:\Windows\System32\WindowsPowerShell\v1.0\;C:\Program Files\Java\jdk1.8.0_212\bin;C:\Program Files\nodejs\;D:\Programs\Python\Python37;D:\Program Files\TortoiseGit\bin;C:\Program Files\Java\jdk1.8.0_212\jre\bin;C:\Program Files\dotnet\;C:\Program Files (x86)\dotnet\;C:\Program Files\Microsoft SQL Server\130\Tools\Binn\;C:\Program Files\Microsoft SQL Server\Client SDK\ODBC\170\Tools\Binn\;D:\Programs\mysql-5.7.25-winx64\mysql-5.7.25-winx64\bin;D:\Program Files\wkhtmltopdf\bin\;D:\Maven\apache-maven-3.5.3-bin\apache-maven-3.5.3\bin;D:\Programs\Python\Python37\Scripts\;D:\Programs\Python\Python37\;C:\Users\zhourui\AppData\Local\Microsoft\WindowsApps;D:\Programs\Microsoft VS Code\bin;D:\Programs\JetBrains\IntelliJ IDEA 2019.1.3\bin;D:\Programs\Git\cmd;C:\Users\zhourui\AppData\Roaming\npm;D:\Programs\JetBrains\WebStorm 2019.1.3\bin;D:\Programs\JetBrains\PyCharm 2019.1.3\bin;C:\Users\zhourui\AppData\Local\BypassRuntm;.]
2019-10-14 15:56:49.986  INFO 13108 --- [ost-startStop-1] o.a.c.c.C.[Tomcat].[localhost].[/]       : Initializing Spring embedded WebApplicationContext
2019-10-14 15:56:49.994  INFO 13108 --- [ost-startStop-1] o.s.web.context.ContextLoader            : Root WebApplicationContext: initialization completed in 2118 ms
2019-10-14 15:56:50.244  INFO 13108 --- [ost-startStop-1] o.s.b.w.servlet.ServletRegistrationBean  : Servlet dispatcherServlet mapped to [/]
2019-10-14 15:56:50.252  INFO 13108 --- [ost-startStop-1] o.s.b.w.servlet.FilterRegistrationBean   : Mapping filter: 'characterEncodingFilter' to: [/*]
2019-10-14 15:56:50.252  INFO 13108 --- [ost-startStop-1] o.s.b.w.servlet.FilterRegistrationBean   : Mapping filter: 'hiddenHttpMethodFilter' to: [/*]
2019-10-14 15:56:50.252  INFO 13108 --- [ost-startStop-1] o.s.b.w.servlet.FilterRegistrationBean   : Mapping filter: 'httpPutFormContentFilter' to: [/*]
2019-10-14 15:56:50.252  INFO 13108 --- [ost-startStop-1] o.s.b.w.servlet.FilterRegistrationBean   : Mapping filter: 'requestContextFilter' to: [/*]
2019-10-14 15:56:50.992  INFO 13108 --- [           main] s.w.s.m.m.a.RequestMappingHandlerMapping : Mapped "{[/demo/uploadFile],methods=[POST]}" onto public com.example.demo.dao.Response com.example.demo.controller.DemoController.uploadFile(org.springframework.web.multipart.MultipartFile)
2019-10-14 15:56:50.993  INFO 13108 --- [           main] s.w.s.m.m.a.RequestMappingHandlerMapping : Mapped "{[/demo/generateWord],methods=[POST]}" onto public void com.example.demo.controller.DemoController.generateWord(javax.servlet.http.HttpServletRequest,javax.servlet.http.HttpServletResponse,com.example.demo.dao.request.DemoRequest)
2019-10-14 15:56:50.993  INFO 13108 --- [           main] s.w.s.m.m.a.RequestMappingHandlerMapping : Mapped "{[/demo/generateImageByData],methods=[POST]}" onto public com.example.demo.dao.Response com.example.demo.controller.DemoController.generateImageByData(com.example.demo.dao.request.ModelRequest)
2019-10-14 15:56:51.008  INFO 13108 --- [           main] s.w.s.m.m.a.RequestMappingHandlerMapping : Mapped "{[/swagger-resources]}" onto public org.springframework.http.ResponseEntity<java.util.List<springfox.documentation.swagger.web.SwaggerResource>> springfox.documentation.swagger.web.ApiResourceController.swaggerResources()
2019-10-14 15:56:51.009  INFO 13108 --- [           main] s.w.s.m.m.a.RequestMappingHandlerMapping : Mapped "{[/swagger-resources/configuration/ui]}" onto public org.springframework.http.ResponseEntity<springfox.documentation.swagger.web.UiConfiguration> springfox.documentation.swagger.web.ApiResourceController.uiConfiguration()
2019-10-14 15:56:51.011  INFO 13108 --- [           main] s.w.s.m.m.a.RequestMappingHandlerMapping : Mapped "{[/swagger-resources/configuration/security]}" onto public org.springframework.http.ResponseEntity<springfox.documentation.swagger.web.SecurityConfiguration> springfox.documentation.swagger.web.ApiResourceController.securityConfiguration()
2019-10-14 15:56:51.030  INFO 13108 --- [           main] s.w.s.m.m.a.RequestMappingHandlerMapping : Mapped "{[/error]}" onto public org.springframework.http.ResponseEntity<java.util.Map<java.lang.String, java.lang.Object>> org.springframework.boot.autoconfigure.web.servlet.error.BasicErrorController.error(javax.servlet.http.HttpServletRequest)
2019-10-14 15:56:51.032  INFO 13108 --- [           main] s.w.s.m.m.a.RequestMappingHandlerMapping : Mapped "{[/error],produces=[text/html]}" onto public org.springframework.web.servlet.ModelAndView org.springframework.boot.autoconfigure.web.servlet.error.BasicErrorController.errorHtml(javax.servlet.http.HttpServletRequest,javax.servlet.http.HttpServletResponse)
2019-10-14 15:56:51.337  INFO 13108 --- [           main] pertySourcedRequestMappingHandlerMapping : Mapped URL path [/v2/api-docs] onto method [public org.springframework.http.ResponseEntity<springfox.documentation.spring.web.json.Json> springfox.documentation.swagger2.web.Swagger2Controller.getDocumentation(java.lang.String,javax.servlet.http.HttpServletRequest)]
2019-10-14 15:56:51.531  INFO 13108 --- [           main] o.s.w.s.handler.SimpleUrlHandlerMapping  : Mapped URL path [/**/favicon.ico] onto handler of type [class org.springframework.web.servlet.resource.ResourceHttpRequestHandler]
2019-10-14 15:56:51.971  INFO 13108 --- [           main] s.w.s.m.m.a.RequestMappingHandlerAdapter : Looking for @ControllerAdvice: org.springframework.boot.web.servlet.context.AnnotationConfigServletWebServerApplicationContext@3c679bde: startup date [Mon Oct 14 15:56:47 CST 2019]; root of context hierarchy
2019-10-14 15:56:52.127  INFO 13108 --- [           main] o.s.w.s.handler.SimpleUrlHandlerMapping  : Mapped URL path [/webjars/**] onto handler of type [class org.springframework.web.servlet.resource.ResourceHttpRequestHandler]
2019-10-14 15:56:52.128  INFO 13108 --- [           main] o.s.w.s.handler.SimpleUrlHandlerMapping  : Mapped URL path [/**] onto handler of type [class org.springframework.web.servlet.resource.ResourceHttpRequestHandler]
2019-10-14 15:56:52.588  INFO 13108 --- [           main] o.s.j.e.a.AnnotationMBeanExporter        : Registering beans for JMX exposure on startup
2019-10-14 15:56:52.609  INFO 13108 --- [           main] o.s.c.support.DefaultLifecycleProcessor  : Starting beans in phase 2147483647
2019-10-14 15:56:52.609  INFO 13108 --- [           main] d.s.w.p.DocumentationPluginsBootstrapper : Context refreshed
2019-10-14 15:56:52.656  INFO 13108 --- [           main] d.s.w.p.DocumentationPluginsBootstrapper : Found 1 custom documentation plugin(s)
2019-10-14 15:56:52.714  INFO 13108 --- [           main] s.d.s.w.s.ApiListingReferenceScanner     : Scanning for api listing references
2019-10-14 15:56:53.125  INFO 13108 --- [           main] o.s.b.w.embedded.tomcat.TomcatWebServer  : Tomcat started on port(s): 8090 (http) with context path ''
2019-10-14 15:56:53.133  INFO 13108 --- [           main] com.example.demo.DemoApplication         : Started DemoApplication in 5.73 seconds (JVM running for 6.253)
2019-10-14 15:56:53.245  INFO 13108 --- [nio-8090-exec-1] o.a.c.c.C.[Tomcat].[localhost].[/]       : Initializing Spring FrameworkServlet 'dispatcherServlet'
2019-10-14 15:56:53.245  INFO 13108 --- [nio-8090-exec-1] o.s.web.servlet.DispatcherServlet        : FrameworkServlet 'dispatcherServlet': initialization started
2019-10-14 15:56:53.285  INFO 13108 --- [nio-8090-exec-1] o.s.web.servlet.DispatcherServlet        : FrameworkServlet 'dispatcherServlet': initialization completed in 39 ms
